<?xml version="1.0" encoding="UTF-8"?>
<!-- Generated by org.testng.reporters.JUnitReportReporter -->
<testsuite hostname="IST-17" name="com.quickpro.AppTest" tests="1" failures="0" timestamp="1 Aug 2017 10:47:00 GMT" time="0.014" errors="0">
  <testcase name="firsttest" time="0.014" classname="com.quickpro.AppTest"/>
</testsuite> <!-- com.quickpro.AppTest -->
